{"level":"info","message":"REQUEST: /","timestamp":"2016-09-09T20:07:53.642Z"}
{"level":"info","message":"REQUEST: /","timestamp":"2016-09-09T20:10:18.704Z"}
{"level":"info","message":"Iniciando","timestamp":"2016-09-09T20:25:44.316Z"}
{"level":"info","message":"REQUEST: /","timestamp":"2016-09-09T20:26:04.609Z"}
{"level":"info","message":"REQUEST: /","timestamp":"2016-09-09T20:26:19.929Z"}
{"level":"info","message":"Iniciando","timestamp":"2016-09-09T20:26:25.878Z"}
{"level":"info","message":"REQUEST: /","timestamp":"2016-09-09T20:26:28.661Z"}
{"level":"info","message":"REQUEST: /alumnos/1316","timestamp":"2016-09-09T20:26:37.061Z"}
{"level":"info","message":"Iniciando","timestamp":"2016-09-09T20:27:52.689Z"}
{"level":"info","message":"REQUEST: GET : /","timestamp":"2016-09-09T20:27:56.873Z"}
{"level":"info","message":"REQUEST: GET : /alumnos/131","timestamp":"2016-09-09T20:28:00.381Z"}
{"level":"info","message":"Iniciando","timestamp":"2016-09-09T20:28:25.301Z"}
{"level":"info","message":"Iniciando","timestamp":"2016-09-10T03:13:28.327Z"}
{"level":"info","message":"Iniciando","timestamp":"2016-09-11T01:59:36.271Z"}
{"level":"info","message":"REQUEST GET : /","timestamp":"2016-09-11T01:59:39.716Z"}
{"level":"info","message":"REQUEST GET : /favicon.ico","timestamp":"2016-09-11T01:59:42.263Z"}
{"level":"info","message":"REQUEST GET : /alumnos/q","timestamp":"2016-09-11T01:59:47.632Z"}
{"level":"info","message":"REQUEST GET : /alumnos/q","timestamp":"2016-09-11T02:01:47.639Z"}
{"level":"info","message":"Iniciando","timestamp":"2016-09-11T02:05:20.340Z"}
{"level":"info","message":"REQUEST GET : /","timestamp":"2016-09-11T02:05:45.822Z"}
{"level":"info","message":"REQUEST GET : /alumnos/1","timestamp":"2016-09-11T02:05:49.548Z"}
{"level":"info","message":"Ejecutada busqueda de 1","timestamp":"2016-09-11T02:05:50.105Z"}
{"level":"info","message":"REQUEST GET : /alumnos/q","timestamp":"2016-09-11T02:06:04.766Z"}
{"level":"info","message":"Ejecutada busqueda de q","timestamp":"2016-09-11T02:06:04.943Z"}
{"level":"info","message":"REQUEST GET : /alumnos/w","timestamp":"2016-09-11T02:06:10.151Z"}
{"level":"info","message":"Ejecutada busqueda de w","timestamp":"2016-09-11T02:06:10.183Z"}
{"level":"info","message":"REQUEST GET : /alumnos/wq","timestamp":"2016-09-11T02:06:13.119Z"}
{"level":"info","message":"Ejecutada busqueda de wq","timestamp":"2016-09-11T02:06:13.144Z"}
{"level":"info","message":"REQUEST GET : /alumnos/wq","timestamp":"2016-09-11T02:06:26.698Z"}
{"level":"info","message":"Ejecutada busqueda de wq","timestamp":"2016-09-11T02:06:26.874Z"}
{"level":"info","message":"REQUEST GET : /alumnos/13","timestamp":"2016-09-11T02:06:31.198Z"}
{"level":"info","message":"Ejecutada busqueda de 13","timestamp":"2016-09-11T02:06:31.228Z"}
{"level":"info","message":"REQUEST GET : /js/angular.min.js.map","timestamp":"2016-09-11T02:06:43.916Z"}
{"level":"info","message":"REQUEST GET : /js/angular-route.min.js.map","timestamp":"2016-09-11T02:06:43.920Z"}
{"level":"info","message":"REQUEST GET : /js/nv.d3.min.js.map","timestamp":"2016-09-11T02:06:43.952Z"}
{"level":"info","message":"REQUEST GET : /css/nv.d3.min.css.map","timestamp":"2016-09-11T02:06:44.190Z"}
{"level":"info","message":"REQUEST GET : /alumnos/id/6399","timestamp":"2016-09-11T03:01:56.808Z"}
{"level":"info","message":"Ejecutada busqueda con id 6399","timestamp":"2016-09-11T03:01:57.508Z"}
{"level":"info","message":"REQUEST GET : /alumnos/13","timestamp":"2016-09-11T03:02:14.152Z"}
{"level":"info","message":"Ejecutada busqueda de 13","timestamp":"2016-09-11T03:02:14.318Z"}
{"level":"info","message":"REQUEST GET : /","timestamp":"2016-09-11T03:04:56.404Z"}
{"level":"info","message":"REQUEST GET : /css/nv.d3.min.css.map","timestamp":"2016-09-11T03:04:56.888Z"}
{"level":"info","message":"REQUEST GET : /js/angular.min.js.map","timestamp":"2016-09-11T03:04:57.838Z"}
{"level":"info","message":"REQUEST GET : /js/angular-route.min.js.map","timestamp":"2016-09-11T03:04:57.844Z"}
{"level":"info","message":"REQUEST GET : /js/nv.d3.min.js.map","timestamp":"2016-09-11T03:04:57.853Z"}
{"level":"info","message":"REQUEST GET : /alumnos/131","timestamp":"2016-09-11T03:05:31.330Z"}
{"level":"info","message":"Ejecutada busqueda de 131","timestamp":"2016-09-11T03:05:31.427Z"}
{"level":"info","message":"REQUEST GET : /","timestamp":"2016-09-11T03:06:36.731Z"}
{"level":"info","message":"REQUEST GET : /css/nv.d3.min.css.map","timestamp":"2016-09-11T03:06:37.096Z"}
{"level":"info","message":"REQUEST GET : /js/angular.min.js.map","timestamp":"2016-09-11T03:06:37.900Z"}
{"level":"info","message":"REQUEST GET : /js/angular-route.min.js.map","timestamp":"2016-09-11T03:06:37.904Z"}
{"level":"info","message":"REQUEST GET : /js/nv.d3.min.js.map","timestamp":"2016-09-11T03:06:37.908Z"}
{"level":"info","message":"REQUEST GET : /alumnos/13","timestamp":"2016-09-11T03:06:40.263Z"}
{"level":"info","message":"Ejecutada busqueda de 13","timestamp":"2016-09-11T03:06:40.352Z"}
{"level":"info","message":"REQUEST GET : /","timestamp":"2016-09-11T03:07:29.661Z"}
{"level":"info","message":"REQUEST GET : /css/nv.d3.min.css.map","timestamp":"2016-09-11T03:07:30.026Z"}
{"level":"info","message":"REQUEST GET : /js/angular.min.js.map","timestamp":"2016-09-11T03:07:30.771Z"}
{"level":"info","message":"REQUEST GET : /js/angular-route.min.js.map","timestamp":"2016-09-11T03:07:30.775Z"}
{"level":"info","message":"REQUEST GET : /js/nv.d3.min.js.map","timestamp":"2016-09-11T03:07:30.782Z"}
{"level":"info","message":"REQUEST GET : /alumnos/3","timestamp":"2016-09-11T03:07:34.396Z"}
{"level":"info","message":"Ejecutada busqueda de 3","timestamp":"2016-09-11T03:07:34.473Z"}
{"level":"info","message":"REQUEST GET : /","timestamp":"2016-09-11T03:09:03.658Z"}
{"level":"info","message":"REQUEST GET : /css/nv.d3.min.css.map","timestamp":"2016-09-11T03:09:03.989Z"}
{"level":"info","message":"REQUEST GET : /js/angular.min.js.map","timestamp":"2016-09-11T03:09:04.718Z"}
{"level":"info","message":"REQUEST GET : /js/angular-route.min.js.map","timestamp":"2016-09-11T03:09:04.722Z"}
{"level":"info","message":"REQUEST GET : /js/nv.d3.min.js.map","timestamp":"2016-09-11T03:09:04.722Z"}
{"level":"info","message":"REQUEST GET : /alumnos/1","timestamp":"2016-09-11T03:09:07.197Z"}
{"level":"info","message":"Ejecutada busqueda de 1","timestamp":"2016-09-11T03:09:07.361Z"}
{"level":"info","message":"REQUEST GET : /alumnos/13","timestamp":"2016-09-11T03:09:26.817Z"}
{"level":"info","message":"Ejecutada busqueda de 13","timestamp":"2016-09-11T03:09:26.877Z"}
{"level":"info","message":"REQUEST GET : /alumnos/13","timestamp":"2016-09-11T03:09:43.679Z"}
{"level":"info","message":"Ejecutada busqueda de 13","timestamp":"2016-09-11T03:09:43.757Z"}
{"level":"info","message":"REQUEST GET : /alumnos/id/6399","timestamp":"2016-09-11T03:09:46.867Z"}
{"level":"info","message":"Ejecutada busqueda con id 6399","timestamp":"2016-09-11T03:09:46.875Z"}
{"level":"info","message":"REQUEST PUT : /alumnos/id/6399","timestamp":"2016-09-11T03:09:52.219Z"}
{"level":"info","message":"Actualizando datos del alumno con id undefined","timestamp":"2016-09-11T03:09:52.488Z"}
{"level":"info","message":"REQUEST GET : /alumnos/id/6399","timestamp":"2016-09-11T03:09:52.520Z"}
{"level":"info","message":"Ejecutada busqueda con id 6399","timestamp":"2016-09-11T03:09:52.524Z"}
{"level":"info","message":"REQUEST PUT : /alumnos/id/6399","timestamp":"2016-09-11T03:09:58.524Z"}
{"level":"info","message":"Actualizando datos del alumno con id undefined","timestamp":"2016-09-11T03:09:58.546Z"}
{"level":"info","message":"REQUEST GET : /alumnos/id/6399","timestamp":"2016-09-11T03:09:58.556Z"}
{"level":"info","message":"Ejecutada busqueda con id 6399","timestamp":"2016-09-11T03:09:58.564Z"}
{"level":"info","message":"REQUEST GET : /","timestamp":"2016-09-11T03:12:35.114Z"}
{"level":"info","message":"REQUEST GET : /css/nv.d3.min.css.map","timestamp":"2016-09-11T03:12:35.515Z"}
{"level":"info","message":"REQUEST GET : /js/angular.min.js.map","timestamp":"2016-09-11T03:12:36.032Z"}
{"level":"info","message":"REQUEST GET : /js/angular-route.min.js.map","timestamp":"2016-09-11T03:12:36.032Z"}
{"level":"info","message":"REQUEST GET : /alumnos/id/6399","timestamp":"2016-09-11T03:12:36.472Z"}
{"level":"info","message":"Ejecutada busqueda con id 6399","timestamp":"2016-09-11T03:12:36.556Z"}
{"level":"info","message":"REQUEST GET : /js/nv.d3.min.js.map","timestamp":"2016-09-11T03:12:36.632Z"}
{"level":"info","message":"REQUEST PUT : /alumnos/id/6399","timestamp":"2016-09-11T03:12:40.602Z"}
{"level":"info","message":"Actualizando datos del alumno con id undefined","timestamp":"2016-09-11T03:12:40.638Z"}
{"level":"info","message":"REQUEST GET : /alumnos/id/6399","timestamp":"2016-09-11T03:12:40.660Z"}
{"level":"info","message":"Ejecutada busqueda con id 6399","timestamp":"2016-09-11T03:12:40.678Z"}
{"level":"info","message":"REQUEST PUT : /alumnos/id/6399","timestamp":"2016-09-11T03:12:44.787Z"}
{"level":"info","message":"Actualizando datos del alumno con id undefined","timestamp":"2016-09-11T03:12:44.823Z"}
{"level":"info","message":"REQUEST GET : /alumnos/id/6399","timestamp":"2016-09-11T03:12:44.835Z"}
{"level":"info","message":"Ejecutada busqueda con id 6399","timestamp":"2016-09-11T03:12:44.847Z"}
{"level":"info","message":"REQUEST GET : /alumnos/13","timestamp":"2016-09-11T03:12:56.100Z"}
{"level":"info","message":"Ejecutada busqueda de 13","timestamp":"2016-09-11T03:12:56.172Z"}
{"level":"info","message":"REQUEST GET : /alumnos/1","timestamp":"2016-09-11T03:13:00.123Z"}
{"level":"info","message":"Ejecutada busqueda de 1","timestamp":"2016-09-11T03:13:00.213Z"}
{"level":"info","message":"REQUEST GET : /alumnos/qw","timestamp":"2016-09-11T03:13:02.622Z"}
{"level":"info","message":"Ejecutada busqueda de qw","timestamp":"2016-09-11T03:13:02.634Z"}
{"level":"info","message":"REQUEST GET : /alumnos/143","timestamp":"2016-09-11T03:13:49.050Z"}
{"level":"info","message":"Ejecutada busqueda de 143","timestamp":"2016-09-11T03:13:49.147Z"}
{"level":"info","message":"REQUEST GET : /","timestamp":"2016-09-11T03:18:44.432Z"}
{"level":"info","message":"REQUEST GET : /css/nv.d3.min.css.map","timestamp":"2016-09-11T03:18:44.800Z"}
{"level":"info","message":"REQUEST GET : /js/angular.min.js.map","timestamp":"2016-09-11T03:18:45.693Z"}
{"level":"info","message":"REQUEST GET : /js/angular-route.min.js.map","timestamp":"2016-09-11T03:18:45.697Z"}
{"level":"info","message":"REQUEST GET : /js/nv.d3.min.js.map","timestamp":"2016-09-11T03:18:45.701Z"}
{"level":"info","message":"REQUEST GET : /alumnos/132","timestamp":"2016-09-11T03:18:51.880Z"}
{"level":"info","message":"Ejecutada busqueda de 132","timestamp":"2016-09-11T03:18:51.957Z"}
{"level":"info","message":"REQUEST GET : /","timestamp":"2016-09-11T03:19:46.951Z"}
{"level":"info","message":"REQUEST GET : /css/nv.d3.min.css.map","timestamp":"2016-09-11T03:19:47.311Z"}
{"level":"info","message":"REQUEST GET : /js/angular.min.js.map","timestamp":"2016-09-11T03:19:48.196Z"}
{"level":"info","message":"REQUEST GET : /js/angular-route.min.js.map","timestamp":"2016-09-11T03:19:48.196Z"}
{"level":"info","message":"REQUEST GET : /js/nv.d3.min.js.map","timestamp":"2016-09-11T03:19:48.204Z"}
{"level":"info","message":"REQUEST GET : /alumnos/13","timestamp":"2016-09-11T03:19:50.962Z"}
{"level":"info","message":"Ejecutada busqueda de 13","timestamp":"2016-09-11T03:19:51.042Z"}
{"level":"info","message":"REQUEST GET : /alumnos/122","timestamp":"2016-09-11T03:19:53.825Z"}
{"level":"info","message":"Ejecutada busqueda de 122","timestamp":"2016-09-11T03:19:53.833Z"}
{"level":"info","message":"REQUEST GET : /alumnos/132","timestamp":"2016-09-11T03:19:56.930Z"}
{"level":"info","message":"Ejecutada busqueda de 132","timestamp":"2016-09-11T03:19:56.942Z"}
{"level":"info","message":"REQUEST GET : /","timestamp":"2016-09-11T03:21:31.801Z"}
{"level":"info","message":"REQUEST GET : /css/nv.d3.min.css.map","timestamp":"2016-09-11T03:21:32.152Z"}
{"level":"info","message":"REQUEST GET : /js/angular.min.js.map","timestamp":"2016-09-11T03:21:33.012Z"}
{"level":"info","message":"REQUEST GET : /js/angular-route.min.js.map","timestamp":"2016-09-11T03:21:33.016Z"}
{"level":"info","message":"REQUEST GET : /js/nv.d3.min.js.map","timestamp":"2016-09-11T03:21:33.020Z"}
{"level":"info","message":"REQUEST GET : /alumnos/132","timestamp":"2016-09-11T03:21:37.248Z"}
{"level":"info","message":"Ejecutada busqueda de 132","timestamp":"2016-09-11T03:21:37.321Z"}
{"level":"info","message":"REQUEST GET : /","timestamp":"2016-09-11T03:22:58.609Z"}
{"level":"info","message":"REQUEST GET : /css/nv.d3.min.css.map","timestamp":"2016-09-11T03:22:58.953Z"}
{"level":"info","message":"REQUEST GET : /js/angular.min.js.map","timestamp":"2016-09-11T03:22:59.617Z"}
{"level":"info","message":"REQUEST GET : /js/angular-route.min.js.map","timestamp":"2016-09-11T03:22:59.617Z"}
{"level":"info","message":"REQUEST GET : /js/nv.d3.min.js.map","timestamp":"2016-09-11T03:22:59.621Z"}
{"level":"info","message":"REQUEST GET : /alumnos/132","timestamp":"2016-09-11T03:23:03.621Z"}
{"level":"info","message":"Ejecutada busqueda de 132","timestamp":"2016-09-11T03:23:03.694Z"}
{"level":"info","message":"REQUEST GET : /alumnos/132","timestamp":"2016-09-11T03:23:27.692Z"}
{"level":"info","message":"Ejecutada busqueda de 132","timestamp":"2016-09-11T03:23:27.750Z"}
{"level":"info","message":"REQUEST GET : /","timestamp":"2016-09-11T03:27:08.908Z"}
{"level":"info","message":"REQUEST GET : /css/nv.d3.min.css.map","timestamp":"2016-09-11T03:27:09.284Z"}
{"level":"info","message":"REQUEST GET : /js/angular.min.js.map","timestamp":"2016-09-11T03:27:10.053Z"}
{"level":"info","message":"REQUEST GET : /js/angular-route.min.js.map","timestamp":"2016-09-11T03:27:10.057Z"}
{"level":"info","message":"REQUEST GET : /js/nv.d3.min.js.map","timestamp":"2016-09-11T03:27:10.061Z"}
{"level":"info","message":"REQUEST GET : /alumnos/43","timestamp":"2016-09-11T03:27:13.169Z"}
{"level":"info","message":"Ejecutada busqueda de 43","timestamp":"2016-09-11T03:27:13.242Z"}
{"level":"info","message":"REQUEST GET : /","timestamp":"2016-09-11T03:28:19.821Z"}
{"level":"info","message":"REQUEST GET : /css/nv.d3.min.css.map","timestamp":"2016-09-11T03:28:20.109Z"}
{"level":"info","message":"REQUEST GET : /js/angular.min.js.map","timestamp":"2016-09-11T03:28:21.003Z"}
{"level":"info","message":"REQUEST GET : /js/angular-route.min.js.map","timestamp":"2016-09-11T03:28:21.005Z"}
{"level":"info","message":"REQUEST GET : /js/nv.d3.min.js.map","timestamp":"2016-09-11T03:28:21.009Z"}
{"level":"info","message":"REQUEST GET : /alumnos/1213","timestamp":"2016-09-11T03:28:24.045Z"}
{"level":"info","message":"Ejecutada busqueda de 1213","timestamp":"2016-09-11T03:28:24.108Z"}
{"level":"info","message":"REQUEST GET : /alumnos/132","timestamp":"2016-09-11T03:28:46.661Z"}
{"level":"info","message":"Ejecutada busqueda de 132","timestamp":"2016-09-11T03:28:46.778Z"}
{"level":"info","message":"REQUEST GET : /","timestamp":"2016-09-11T03:29:14.626Z"}
{"level":"info","message":"REQUEST GET : /css/nv.d3.min.css.map","timestamp":"2016-09-11T03:29:14.948Z"}
{"level":"info","message":"REQUEST GET : /js/angular.min.js.map","timestamp":"2016-09-11T03:29:15.797Z"}
{"level":"info","message":"REQUEST GET : /js/angular-route.min.js.map","timestamp":"2016-09-11T03:29:15.801Z"}
{"level":"info","message":"REQUEST GET : /js/nv.d3.min.js.map","timestamp":"2016-09-11T03:29:15.801Z"}
{"level":"info","message":"REQUEST GET : /alumnos/13","timestamp":"2016-09-11T03:29:18.129Z"}
{"level":"info","message":"Ejecutada busqueda de 13","timestamp":"2016-09-11T03:29:18.204Z"}
{"level":"info","message":"REQUEST GET : /alumnos/132","timestamp":"2016-09-11T03:29:19.963Z"}
{"level":"info","message":"Ejecutada busqueda de 132","timestamp":"2016-09-11T03:29:19.975Z"}
{"level":"info","message":"REQUEST GET : /","timestamp":"2016-09-11T03:29:48.498Z"}
{"level":"info","message":"REQUEST GET : /css/nv.d3.min.css.map","timestamp":"2016-09-11T03:29:48.811Z"}
{"level":"info","message":"REQUEST GET : /js/angular.min.js.map","timestamp":"2016-09-11T03:29:49.635Z"}
{"level":"info","message":"REQUEST GET : /js/angular-route.min.js.map","timestamp":"2016-09-11T03:29:49.639Z"}
{"level":"info","message":"REQUEST GET : /js/nv.d3.min.js.map","timestamp":"2016-09-11T03:29:49.643Z"}
{"level":"info","message":"REQUEST GET : /alumnos/312","timestamp":"2016-09-11T03:29:51.921Z"}
{"level":"info","message":"Ejecutada busqueda de 312","timestamp":"2016-09-11T03:29:51.997Z"}
{"level":"info","message":"REQUEST GET : /alumnos/312","timestamp":"2016-09-11T03:29:58.162Z"}
{"level":"info","message":"Ejecutada busqueda de 312","timestamp":"2016-09-11T03:29:58.170Z"}
{"level":"info","message":"REQUEST GET : /","timestamp":"2016-09-11T03:30:14.139Z"}
{"level":"info","message":"REQUEST GET : /css/nv.d3.min.css.map","timestamp":"2016-09-11T03:30:14.457Z"}
{"level":"info","message":"REQUEST GET : /js/angular.min.js.map","timestamp":"2016-09-11T03:30:15.315Z"}
{"level":"info","message":"REQUEST GET : /js/angular-route.min.js.map","timestamp":"2016-09-11T03:30:15.319Z"}
{"level":"info","message":"REQUEST GET : /js/nv.d3.min.js.map","timestamp":"2016-09-11T03:30:15.323Z"}
{"level":"info","message":"REQUEST GET : /alumnos/132","timestamp":"2016-09-11T03:30:18.914Z"}
{"level":"info","message":"Ejecutada busqueda de 132","timestamp":"2016-09-11T03:30:18.994Z"}
{"level":"info","message":"REQUEST GET : /","timestamp":"2016-09-11T03:30:21.804Z"}
{"level":"info","message":"REQUEST GET : /css/nv.d3.min.css.map","timestamp":"2016-09-11T03:30:22.128Z"}
{"level":"info","message":"REQUEST GET : /js/angular.min.js.map","timestamp":"2016-09-11T03:30:23.069Z"}
{"level":"info","message":"REQUEST GET : /js/angular-route.min.js.map","timestamp":"2016-09-11T03:30:23.073Z"}
{"level":"info","message":"REQUEST GET : /js/nv.d3.min.js.map","timestamp":"2016-09-11T03:30:23.077Z"}
{"level":"info","message":"REQUEST GET : /alumnos/132","timestamp":"2016-09-11T03:30:25.144Z"}
{"level":"info","message":"Ejecutada busqueda de 132","timestamp":"2016-09-11T03:30:25.154Z"}
{"level":"info","message":"REQUEST GET : /alumnos/132","timestamp":"2016-09-11T03:31:18.753Z"}
{"level":"info","message":"Ejecutada busqueda de 132","timestamp":"2016-09-11T03:31:18.828Z"}
{"level":"info","message":"REQUEST GET : /","timestamp":"2016-09-11T03:32:45.495Z"}
{"level":"info","message":"REQUEST GET : /css/nv.d3.min.css.map","timestamp":"2016-09-11T03:32:45.816Z"}
{"level":"info","message":"REQUEST GET : /js/angular.min.js.map","timestamp":"2016-09-11T03:32:46.685Z"}
{"level":"info","message":"REQUEST GET : /js/angular-route.min.js.map","timestamp":"2016-09-11T03:32:46.685Z"}
{"level":"info","message":"REQUEST GET : /js/nv.d3.min.js.map","timestamp":"2016-09-11T03:32:46.693Z"}
{"level":"info","message":"REQUEST GET : /alumnos/131","timestamp":"2016-09-11T03:32:49.399Z"}
{"level":"info","message":"Ejecutada busqueda de 131","timestamp":"2016-09-11T03:32:49.476Z"}
{"level":"info","message":"REQUEST GET : /alumnos/132","timestamp":"2016-09-11T03:32:51.268Z"}
{"level":"info","message":"Ejecutada busqueda de 132","timestamp":"2016-09-11T03:32:51.276Z"}
{"level":"info","message":"REQUEST GET : /","timestamp":"2016-09-11T03:33:14.715Z"}
{"level":"info","message":"REQUEST GET : /css/nv.d3.min.css.map","timestamp":"2016-09-11T03:33:14.999Z"}
{"level":"info","message":"REQUEST GET : /js/angular.min.js.map","timestamp":"2016-09-11T03:33:15.812Z"}
{"level":"info","message":"REQUEST GET : /js/angular-route.min.js.map","timestamp":"2016-09-11T03:33:15.816Z"}
{"level":"info","message":"REQUEST GET : /js/nv.d3.min.js.map","timestamp":"2016-09-11T03:33:15.820Z"}
{"level":"info","message":"REQUEST GET : /alumnos/132","timestamp":"2016-09-11T03:33:18.653Z"}
{"level":"info","message":"Ejecutada busqueda de 132","timestamp":"2016-09-11T03:33:18.734Z"}
{"level":"info","message":"REQUEST GET : /alumnos/132","timestamp":"2016-09-11T03:33:39.886Z"}
{"level":"info","message":"Ejecutada busqueda de 132","timestamp":"2016-09-11T03:33:40.015Z"}
{"level":"info","message":"REQUEST GET : /alumnos/13","timestamp":"2016-09-11T03:33:49.180Z"}
{"level":"info","message":"Ejecutada busqueda de 13","timestamp":"2016-09-11T03:33:49.192Z"}
{"level":"info","message":"REQUEST GET : /","timestamp":"2016-09-11T03:34:50.181Z"}
{"level":"info","message":"REQUEST GET : /css/nv.d3.min.css.map","timestamp":"2016-09-11T03:34:50.565Z"}
{"level":"info","message":"REQUEST GET : /js/angular.min.js.map","timestamp":"2016-09-11T03:34:51.366Z"}
{"level":"info","message":"REQUEST GET : /js/angular-route.min.js.map","timestamp":"2016-09-11T03:34:51.370Z"}
{"level":"info","message":"REQUEST GET : /js/nv.d3.min.js.map","timestamp":"2016-09-11T03:34:51.374Z"}
{"level":"info","message":"REQUEST GET : /alumnos/13","timestamp":"2016-09-11T03:34:53.978Z"}
{"level":"info","message":"Ejecutada busqueda de 13","timestamp":"2016-09-11T03:34:54.059Z"}
{"level":"info","message":"REQUEST GET : /alumnos/132","timestamp":"2016-09-11T03:35:10.656Z"}
{"level":"info","message":"Ejecutada busqueda de 132","timestamp":"2016-09-11T03:35:10.732Z"}
{"level":"info","message":"REQUEST GET : /","timestamp":"2016-09-11T03:35:56.631Z"}
{"level":"info","message":"REQUEST GET : /css/nv.d3.min.css.map","timestamp":"2016-09-11T03:35:56.925Z"}
{"level":"info","message":"REQUEST GET : /js/angular.min.js.map","timestamp":"2016-09-11T03:35:57.794Z"}
{"level":"info","message":"REQUEST GET : /js/angular-route.min.js.map","timestamp":"2016-09-11T03:35:57.798Z"}
{"level":"info","message":"REQUEST GET : /js/nv.d3.min.js.map","timestamp":"2016-09-11T03:35:57.802Z"}
{"level":"info","message":"REQUEST GET : /alumnos/132","timestamp":"2016-09-11T03:36:01.327Z"}
{"level":"info","message":"Ejecutada busqueda de 132","timestamp":"2016-09-11T03:36:01.401Z"}
{"level":"info","message":"REQUEST GET : /alumnos/132","timestamp":"2016-09-11T03:36:11.736Z"}
{"level":"info","message":"Ejecutada busqueda de 132","timestamp":"2016-09-11T03:36:11.828Z"}
{"level":"info","message":"REQUEST GET : /alumnos/132","timestamp":"2016-09-11T03:36:17.727Z"}
{"level":"info","message":"Ejecutada busqueda de 132","timestamp":"2016-09-11T03:36:17.738Z"}
{"level":"info","message":"REQUEST GET : /","timestamp":"2016-09-11T03:37:04.361Z"}
{"level":"info","message":"REQUEST GET : /css/nv.d3.min.css.map","timestamp":"2016-09-11T03:37:04.690Z"}
{"level":"info","message":"REQUEST GET : /js/angular.min.js.map","timestamp":"2016-09-11T03:37:05.550Z"}
{"level":"info","message":"REQUEST GET : /js/angular-route.min.js.map","timestamp":"2016-09-11T03:37:05.553Z"}
{"level":"info","message":"REQUEST GET : /js/nv.d3.min.js.map","timestamp":"2016-09-11T03:37:05.557Z"}
{"level":"info","message":"REQUEST GET : /alumnos/132","timestamp":"2016-09-11T03:37:12.331Z"}
{"level":"info","message":"Ejecutada busqueda de 132","timestamp":"2016-09-11T03:37:12.400Z"}
{"level":"info","message":"REQUEST GET : /alumnos/132","timestamp":"2016-09-11T03:37:16.546Z"}
{"level":"info","message":"Ejecutada busqueda de 132","timestamp":"2016-09-11T03:37:16.558Z"}
{"level":"info","message":"REQUEST GET : /alumnos/132","timestamp":"2016-09-11T03:37:21.790Z"}
{"level":"info","message":"Ejecutada busqueda de 132","timestamp":"2016-09-11T03:37:21.802Z"}
{"level":"info","message":"REQUEST GET : /alumnos/132","timestamp":"2016-09-11T03:39:10.104Z"}
{"level":"info","message":"Ejecutada busqueda de 132","timestamp":"2016-09-11T03:39:10.220Z"}
{"level":"info","message":"REQUEST GET : /alumnos/132","timestamp":"2016-09-11T03:39:17.393Z"}
{"level":"info","message":"Ejecutada busqueda de 132","timestamp":"2016-09-11T03:39:17.405Z"}
{"level":"info","message":"REQUEST GET : /alumnos","timestamp":"2016-09-11T03:41:59.687Z"}
{"level":"info","message":"Ejecutado SELECT * from servidores","timestamp":"2016-09-11T03:42:00.143Z"}
{"level":"info","message":"REQUEST GET : /alumnos/132","timestamp":"2016-09-11T03:42:02.517Z"}
{"level":"info","message":"Ejecutada busqueda de 132","timestamp":"2016-09-11T03:42:02.528Z"}
{"level":"info","message":"REQUEST GET : /alumnos/132","timestamp":"2016-09-11T03:42:09.894Z"}
{"level":"info","message":"Ejecutada busqueda de 132","timestamp":"2016-09-11T03:42:09.923Z"}
{"level":"info","message":"REQUEST GET : /alumnos/131","timestamp":"2016-09-11T03:42:11.268Z"}
{"level":"info","message":"Ejecutada busqueda de 131","timestamp":"2016-09-11T03:42:11.284Z"}
{"level":"info","message":"REQUEST GET : /alumnos/132","timestamp":"2016-09-11T03:42:28.815Z"}
{"level":"info","message":"Ejecutada busqueda de 132","timestamp":"2016-09-11T03:42:28.887Z"}
{"level":"info","message":"REQUEST GET : /","timestamp":"2016-09-11T03:43:01.878Z"}
{"level":"info","message":"REQUEST GET : /css/nv.d3.min.css.map","timestamp":"2016-09-11T03:43:02.234Z"}
{"level":"info","message":"REQUEST GET : /js/angular.min.js.map","timestamp":"2016-09-11T03:43:03.130Z"}
{"level":"info","message":"REQUEST GET : /js/angular-route.min.js.map","timestamp":"2016-09-11T03:43:03.134Z"}
{"level":"info","message":"REQUEST GET : /js/nv.d3.min.js.map","timestamp":"2016-09-11T03:43:03.138Z"}
{"level":"info","message":"REQUEST GET : /","timestamp":"2016-09-11T03:43:28.740Z"}
{"level":"info","message":"REQUEST GET : /css/nv.d3.min.css.map","timestamp":"2016-09-11T03:43:29.014Z"}
{"level":"info","message":"REQUEST GET : /js/angular.min.js.map","timestamp":"2016-09-11T03:43:29.870Z"}
{"level":"info","message":"REQUEST GET : /js/angular-route.min.js.map","timestamp":"2016-09-11T03:43:29.870Z"}
{"level":"info","message":"REQUEST GET : /js/nv.d3.min.js.map","timestamp":"2016-09-11T03:43:29.874Z"}
{"level":"info","message":"REQUEST GET : /","timestamp":"2016-09-11T03:43:55.945Z"}
{"level":"info","message":"REQUEST GET : /css/nv.d3.min.css.map","timestamp":"2016-09-11T03:43:56.255Z"}
{"level":"info","message":"REQUEST GET : /js/angular.min.js.map","timestamp":"2016-09-11T03:43:57.088Z"}
{"level":"info","message":"REQUEST GET : /js/angular-route.min.js.map","timestamp":"2016-09-11T03:43:57.088Z"}
{"level":"info","message":"REQUEST GET : /js/nv.d3.min.js.map","timestamp":"2016-09-11T03:43:57.096Z"}
{"level":"info","message":"REQUEST GET : /","timestamp":"2016-09-11T03:45:04.834Z"}
{"level":"info","message":"REQUEST GET : /css/nv.d3.min.css.map","timestamp":"2016-09-11T03:45:05.186Z"}
{"level":"info","message":"REQUEST GET : /js/angular.min.js.map","timestamp":"2016-09-11T03:45:05.962Z"}
{"level":"info","message":"REQUEST GET : /js/angular-route.min.js.map","timestamp":"2016-09-11T03:45:05.966Z"}
{"level":"info","message":"REQUEST GET : /js/nv.d3.min.js.map","timestamp":"2016-09-11T03:45:05.970Z"}
{"level":"info","message":"REQUEST GET : /","timestamp":"2016-09-11T03:45:53.275Z"}
{"level":"info","message":"REQUEST GET : /css/nv.d3.min.css.map","timestamp":"2016-09-11T03:45:53.561Z"}
{"level":"info","message":"REQUEST GET : /js/angular.min.js.map","timestamp":"2016-09-11T03:45:54.358Z"}
{"level":"info","message":"REQUEST GET : /js/angular-route.min.js.map","timestamp":"2016-09-11T03:45:54.360Z"}
{"level":"info","message":"REQUEST GET : /js/nv.d3.min.js.map","timestamp":"2016-09-11T03:45:54.363Z"}
{"level":"info","message":"REQUEST GET : /alumnos/132","timestamp":"2016-09-11T03:46:00.045Z"}
{"level":"info","message":"Ejecutada busqueda de 132","timestamp":"2016-09-11T03:46:00.131Z"}
{"level":"info","message":"REQUEST GET : /alumnos/132","timestamp":"2016-09-11T03:46:03.590Z"}
{"level":"info","message":"Ejecutada busqueda de 132","timestamp":"2016-09-11T03:46:03.600Z"}
{"level":"info","message":"REQUEST GET : /","timestamp":"2016-09-11T03:46:21.681Z"}
{"level":"info","message":"REQUEST GET : /css/nv.d3.min.css.map","timestamp":"2016-09-11T03:46:21.976Z"}
{"level":"info","message":"REQUEST GET : /js/angular.min.js.map","timestamp":"2016-09-11T03:46:22.769Z"}
{"level":"info","message":"REQUEST GET : /js/angular-route.min.js.map","timestamp":"2016-09-11T03:46:22.769Z"}
{"level":"info","message":"REQUEST GET : /js/nv.d3.min.js.map","timestamp":"2016-09-11T03:46:22.773Z"}
{"level":"info","message":"REQUEST GET : /alumnos/132","timestamp":"2016-09-11T03:46:25.448Z"}
{"level":"info","message":"Ejecutada busqueda de 132","timestamp":"2016-09-11T03:46:25.504Z"}
{"level":"info","message":"REQUEST GET : /","timestamp":"2016-09-11T03:47:21.613Z"}
{"level":"info","message":"REQUEST GET : /css/nv.d3.min.css.map","timestamp":"2016-09-11T03:47:21.977Z"}
{"level":"info","message":"REQUEST GET : /js/angular.min.js.map","timestamp":"2016-09-11T03:47:22.734Z"}
{"level":"info","message":"REQUEST GET : /js/angular-route.min.js.map","timestamp":"2016-09-11T03:47:22.738Z"}
{"level":"info","message":"REQUEST GET : /js/nv.d3.min.js.map","timestamp":"2016-09-11T03:47:22.742Z"}
{"level":"info","message":"REQUEST GET : /","timestamp":"2016-09-11T03:47:25.591Z"}
{"level":"info","message":"REQUEST GET : /css/nv.d3.min.css.map","timestamp":"2016-09-11T03:47:25.843Z"}
{"level":"info","message":"REQUEST GET : /js/angular.min.js.map","timestamp":"2016-09-11T03:47:26.603Z"}
{"level":"info","message":"REQUEST GET : /js/angular-route.min.js.map","timestamp":"2016-09-11T03:47:26.607Z"}
{"level":"info","message":"REQUEST GET : /js/nv.d3.min.js.map","timestamp":"2016-09-11T03:47:26.607Z"}
{"level":"info","message":"REQUEST GET : /alumnos/11","timestamp":"2016-09-11T03:47:33.570Z"}
{"level":"info","message":"Ejecutada busqueda de 11","timestamp":"2016-09-11T03:47:33.654Z"}
{"level":"info","message":"REQUEST GET : /","timestamp":"2016-09-11T03:47:53.082Z"}
{"level":"info","message":"REQUEST GET : /css/nv.d3.min.css.map","timestamp":"2016-09-11T03:47:53.362Z"}
{"level":"info","message":"REQUEST GET : /js/angular.min.js.map","timestamp":"2016-09-11T03:47:54.163Z"}
{"level":"info","message":"REQUEST GET : /js/angular-route.min.js.map","timestamp":"2016-09-11T03:47:54.167Z"}
{"level":"info","message":"REQUEST GET : /js/nv.d3.min.js.map","timestamp":"2016-09-11T03:47:54.171Z"}
{"level":"info","message":"REQUEST GET : /alumnos/11","timestamp":"2016-09-11T03:47:57.085Z"}
{"level":"info","message":"Ejecutada busqueda de 11","timestamp":"2016-09-11T03:47:57.171Z"}
{"level":"info","message":"REQUEST GET : /alumnos/id/770","timestamp":"2016-09-11T03:48:05.784Z"}
{"level":"info","message":"Ejecutada busqueda con id 770","timestamp":"2016-09-11T03:48:05.812Z"}
{"level":"info","message":"REQUEST PUT : /alumnos/id/770","timestamp":"2016-09-11T03:48:10.386Z"}
{"level":"info","message":"Actualizando datos del alumno con id undefined","timestamp":"2016-09-11T03:48:10.477Z"}
{"level":"info","message":"REQUEST GET : /alumnos/id/770","timestamp":"2016-09-11T03:48:10.486Z"}
{"level":"info","message":"Ejecutada busqueda con id 770","timestamp":"2016-09-11T03:48:10.490Z"}
{"level":"info","message":"REQUEST POST : /alumnos","timestamp":"2016-09-11T03:48:32.327Z"}
{"level":"info","message":"Se ha creado un nuevo registro con id 18983","timestamp":"2016-09-11T03:48:32.747Z"}
{"level":"info","message":"REQUEST GET : /alumnos/131","timestamp":"2016-09-11T03:48:39.985Z"}
{"level":"info","message":"Ejecutada busqueda de 131","timestamp":"2016-09-11T03:48:39.997Z"}
{"level":"info","message":"REQUEST DELETE : /alumnos/id/18983","timestamp":"2016-09-11T03:48:53.774Z"}
{"level":"info","message":"Eliminado 1 registros","timestamp":"2016-09-11T03:48:53.899Z"}
{"level":"info","message":"REQUEST GET : /alumnos/13","timestamp":"2016-09-11T03:49:00.608Z"}
{"level":"info","message":"Ejecutada busqueda de 13","timestamp":"2016-09-11T03:49:00.624Z"}
